<?xml version="1.0" encoding="UTF-8"?>
<testsuite xmlns:xsi="http://www.w3.org/2001/XMLSchema-instance" xsi:noNamespaceSchemaLocation="https://maven.apache.org/surefire/maven-surefire-plugin/xsd/surefire-test-report-3.0.xsd" version="3.0" name="com.fraud_detector.project.service.impl.TransactionServiceImplTest" time="0.421" tests="2" errors="0" skipped="0" failures="0">
  <properties>
[...]
</properties>
  <testcase name="shouldReturnSuccessMessageWhenTransactionPublished" classname="com.fraud_detector.project.service.impl.TransactionServiceImplTest" time="0.405">
    <system-out><![CDATA[2026-09-03T22:09:17.736-03:00  INFO 20548 --- [fraud-detector-dev] [           main] c.f.p.s.impl.TransactionServiceImpl      : Transaction 0a25bdf5-00be-4c88-a9e8-25d71a803a07 successfully published to SQS queue null
]]></system-out>
  </testcase>
  <testcase name="shouldPublishEachRequestToSqs" classname="com.fraud_detector.project.service.impl.TransactionServiceImplTest" time="0.01">
    <system-out><![CDATA[2026-09-03T22:09:17.780-03:00  INFO 20548 --- [fraud-detector-dev] [           main] c.f.p.s.impl.TransactionServiceImpl      : Transaction f73b63d7-adae-40fa-9b00-7c1484565058 successfully published to SQS queue null
2026-09-03T22:09:17.785-03:00  INFO 20548 --- [fraud-detector-dev] [           main] c.f.p.s.impl.TransactionServiceImpl      : Transaction 06f6681c-593f-4257-b84e-4cf40faa323d successfully published to SQS queue null
]]></system-out>
  </testcase>
</testsuite>